<?xml version="1.0" encoding="UTF-8"?>
<!-- Generated by org.testng.reporters.JUnitReportReporter -->
<testsuite hostname="DESKTOP-PN9KDUT" failures="0" tests="1" name="Levan.SeleniumFramework.ErrorValidations" time="6.299" errors="0" timestamp="2024-06-05T18:22:51 GET" skipped="0">
  <testcase classname="Levan.SeleniumFramework.ErrorValidations" name="submitOrder" time="6.299"/>
  <system-out/>
</testsuite> <!-- Levan.SeleniumFramework.ErrorValidations -->
