<?xml version="1.0" encoding="UTF-8"?>
<!-- Generated by org.testng.reporters.JUnitReportReporter -->
<testsuite hostname="DESKTOP-PN9KDUT" failures="0" tests="3" name="Levan.SeleniumFramework.SubmitOrderTest" time="45.761" errors="0" timestamp="2024-06-07T12:41:45 GET" skipped="0">
  <testcase classname="Levan.SeleniumFramework.SubmitOrderTest" name="submitOrder" time="20.806"/>
  <system-out/>
  <testcase classname="Levan.SeleniumFramework.SubmitOrderTest" name="submitOrder" time="19.994"/>
  <system-out/>
  <testcase classname="Levan.SeleniumFramework.SubmitOrderTest" name="OrderHistoryTest" time="4.961"/>
  <system-out/>
</testsuite> <!-- Levan.SeleniumFramework.SubmitOrderTest -->
