<?xml version="1.0" encoding="UTF-8"?>
<!-- Generated by org.testng.reporters.JUnitReportReporter -->
<testsuite hostname="DESKTOP-PN9KDUT" failures="0" tests="1" name="Levan.SeleniumFramework.StandaloneTest" time="20.714" errors="0" timestamp="2024-06-05T18:03:11 GET" skipped="0">
  <testcase classname="Levan.SeleniumFramework.StandaloneTest" name="submitOrder" time="20.714"/>
  <system-out/>
</testsuite> <!-- Levan.SeleniumFramework.StandaloneTest -->
