<?xml version="1.0" encoding="UTF-8"?>
<!-- Generated by org.testng.reporters.JUnitReportReporter -->
<testsuite hostname="DESKTOP-PN9KDUT" failures="0" tests="3" name="Levan.SeleniumFramework.SubmitOrderTest" time="59.389" errors="0" timestamp="2024-06-07T12:48:47 GET" skipped="0">
  <testcase classname="Levan.SeleniumFramework.SubmitOrderTest" name="submitOrder" time="22.165"/>
  <testcase classname="Levan.SeleniumFramework.SubmitOrderTest" name="submitOrder" time="24.317"/>
  <testcase classname="Levan.SeleniumFramework.SubmitOrderTest" name="OrderHistoryTest" time="12.907"/>
</testsuite> <!-- Levan.SeleniumFramework.SubmitOrderTest -->
